<?xml version="1.0" encoding="UTF-8"?>
<testsuite name="com.cena.tdd.domain.controller.UserControllerTest" tests="2" skipped="0" failures="0" errors="0" timestamp="2024-01-15T11:23:29" hostname="DESKTOP-N56J8EH" time="0.222">
  <properties/>
  <testcase name="regist : 유저 등록 테스트" classname="com.cena.tdd.domain.controller.UserControllerTest" time="0.211"/>
  <testcase name="info : 유저 정보 조회 테스트" classname="com.cena.tdd.domain.controller.UserControllerTest" time="0.01"/>
  <system-out><![CDATA[20:23:27.073 [Test worker] INFO org.springframework.test.context.support.AnnotationConfigContextLoaderUtils -- Could not detect default configuration classes for test class [com.cena.tdd.domain.controller.UserControllerTest]: UserControllerTest does not declare any static, non-private, non-final, nested classes annotated with @Configuration.
20:23:27.202 [Test worker] INFO org.springframework.boot.test.context.SpringBootTestContextBootstrapper -- Found @SpringBootConfiguration com.cena.tdd.TddApplication for test class com.cena.tdd.domain.controller.UserControllerTest

  .   ____          _            __ _ _
 /\\ / ___'_ __ _ _(_)_ __  __ _ \ \ \ \
( ( )\___ | '_ | '_| | '_ \/ _` | \ \ \ \
 \\/  ___)| |_)| | | | | || (_| |  ) ) ) )
  '  |____| .__|_| |_|_| |_\__, | / / / /
 =========|_|==============|___/=/_/_/_/
 :: Spring Boot ::                (v3.2.1)

2024-01-15T20:23:27.528+09:00  INFO 2472 --- [    Test worker] c.c.t.d.controller.UserControllerTest    : Starting UserControllerTest using Java 17.0.9 with PID 2472 (started by Development in C:\project\TDD-Test\tdd)
2024-01-15T20:23:27.529+09:00  INFO 2472 --- [    Test worker] c.c.t.d.controller.UserControllerTest    : No active profile set, falling back to 1 default profile: "default"
2024-01-15T20:23:29.216+09:00  INFO 2472 --- [    Test worker] o.s.b.t.m.w.SpringBootMockServletContext : Initializing Spring TestDispatcherServlet ''
2024-01-15T20:23:29.216+09:00  INFO 2472 --- [    Test worker] o.s.t.web.servlet.TestDispatcherServlet  : Initializing Servlet ''
2024-01-15T20:23:29.219+09:00  INFO 2472 --- [    Test worker] o.s.t.web.servlet.TestDispatcherServlet  : Completed initialization in 2 ms
2024-01-15T20:23:29.244+09:00  INFO 2472 --- [    Test worker] c.c.t.d.controller.UserControllerTest    : Started UserControllerTest in 1.975 seconds (process running for 2.955)
JSON : {"userId":"testID","userPw":"testPassword","userNickName":"testNickName"}

MockHttpServletRequest:
      HTTP Method = POST
      Request URI = /user/regist
       Parameters = {}
          Headers = [Content-Type:"application/json;charset=UTF-8", Content-Length:"73"]
             Body = {"userId":"testID","userPw":"testPassword","userNickName":"testNickName"}
    Session Attrs = {}

Handler:
             Type = com.cena.tdd.domain.controller.UserController
           Method = com.cena.tdd.domain.controller.UserController#regist(UserReq, HttpServletRequest)

Async:
    Async started = false
     Async result = null

Resolved Exception:
             Type = null

ModelAndView:
        View name = null
             View = null
            Model = null

FlashMap:
       Attributes = null

MockHttpServletResponse:
           Status = 200
    Error message = null
          Headers = [Content-Type:"application/json"]
     Content type = application/json
             Body = {"userId":"testID","userNickName":"testNickName"}
    Forwarded URL = null
   Redirected URL = null
          Cookies = []

MockHttpServletRequest:
      HTTP Method = GET
      Request URI = /user/info/1
       Parameters = {}
          Headers = []
             Body = null
    Session Attrs = {}

Handler:
             Type = com.cena.tdd.domain.controller.UserController
           Method = com.cena.tdd.domain.controller.UserController#info(Long, HttpServletRequest)

Async:
    Async started = false
     Async result = null

Resolved Exception:
             Type = null

ModelAndView:
        View name = null
             View = null
            Model = null

FlashMap:
       Attributes = null

MockHttpServletResponse:
           Status = 200
    Error message = null
          Headers = [Content-Type:"application/json"]
     Content type = application/json
             Body = {"userId":"testID","userNickName":"testNickName"}
    Forwarded URL = null
   Redirected URL = null
          Cookies = []
]]></system-out>
  <system-err><![CDATA[]]></system-err>
</testsuite>
